<?xml version="1.0" encoding="UTF-8" ?>
<testsuite tests="4" failures="0" name="uk.co.micaherne.unidexter.perft.PerftTest" time="1.698" errors="0" skipped="0">
  <properties>
[...]
</properties>
  <testcase classname="uk.co.micaherne.unidexter.perft.PerftTest" name="testPerft" time="0"/>
  <testcase classname="uk.co.micaherne.unidexter.perft.PerftTest" name="testKiwiPete" time="1.313"/>
  <testcase classname="uk.co.micaherne.unidexter.perft.PerftTest" name="testInitPos" time="0.109"/>
  <testcase classname="uk.co.micaherne.unidexter.perft.PerftTest" name="testPerft8" time="0.266"/>
</testsuite>